CRITICAL - 2023-06-22 16:44:01 --> Undefined array key "lastname"
in APPPATH\Controllers\Home.php on line 44.
 1 APPPATH\Controllers\Home.php(44): CodeIgniter\Debug\Exceptions->errorHandler(2, 'Undefined array key "lastname"', 'C:\\xampp\\htdocs\\test\\framework-4.3.6\\framework-4.3.6\\app\\Controllers\\Home.php', 44)
 2 SYSTEMPATH\CodeIgniter.php(932): App\Controllers\Home->editUser('1')
 3 SYSTEMPATH\CodeIgniter.php(497): CodeIgniter\CodeIgniter->runController(Object(App\Controllers\Home))
 4 SYSTEMPATH\CodeIgniter.php(366): CodeIgniter\CodeIgniter->handleRequest(null, Object(Config\Cache), false)
 5 FCPATH\index.php(67): CodeIgniter\CodeIgniter->run()
 6 SYSTEMPATH\Commands\Server\rewrite.php(47): require_once('C:\\xampp\\htdocs\\test\\framework-4.3.6\\framework-4.3.6\\public\\index.php')
CRITICAL - 2023-06-22 16:44:39 --> Undefined array key "lastname"
in APPPATH\Controllers\Home.php on line 44.
 1 APPPATH\Controllers\Home.php(44): CodeIgniter\Debug\Exceptions->errorHandler(2, 'Undefined array key "lastname"', 'C:\\xampp\\htdocs\\test\\framework-4.3.6\\framework-4.3.6\\app\\Controllers\\Home.php', 44)
 2 SYSTEMPATH\CodeIgniter.php(932): App\Controllers\Home->editUser('1')
 3 SYSTEMPATH\CodeIgniter.php(497): CodeIgniter\CodeIgniter->runController(Object(App\Controllers\Home))
 4 SYSTEMPATH\CodeIgniter.php(366): CodeIgniter\CodeIgniter->handleRequest(null, Object(Config\Cache), false)
 5 FCPATH\index.php(67): CodeIgniter\CodeIgniter->run()
 6 SYSTEMPATH\Commands\Server\rewrite.php(47): require_once('C:\\xampp\\htdocs\\test\\framework-4.3.6\\framework-4.3.6\\public\\index.php')
CRITICAL - 2023-06-22 16:45:04 --> Trying to access array offset on value of type null
in APPPATH\Controllers\Home.php on line 42.
 1 APPPATH\Controllers\Home.php(42): CodeIgniter\Debug\Exceptions->errorHandler(2, 'Trying to access array offset on value of type null', 'C:\\xampp\\htdocs\\test\\framework-4.3.6\\framework-4.3.6\\app\\Controllers\\Home.php', 42)
 2 SYSTEMPATH\CodeIgniter.php(932): App\Controllers\Home->editUser('assets', 'css', 'bootstrap.min.css')
 3 SYSTEMPATH\CodeIgniter.php(497): CodeIgniter\CodeIgniter->runController(Object(App\Controllers\Home))
 4 SYSTEMPATH\CodeIgniter.php(366): CodeIgniter\CodeIgniter->handleRequest(null, Object(Config\Cache), false)
 5 FCPATH\index.php(67): CodeIgniter\CodeIgniter->run()
 6 SYSTEMPATH\Commands\Server\rewrite.php(47): require_once('C:\\xampp\\htdocs\\test\\framework-4.3.6\\framework-4.3.6\\public\\index.php')
CRITICAL - 2023-06-22 16:45:04 --> Trying to access array offset on value of type null
in APPPATH\Controllers\Home.php on line 42.
 1 APPPATH\Controllers\Home.php(42): CodeIgniter\Debug\Exceptions->errorHandler(2, 'Trying to access array offset on value of type null', 'C:\\xampp\\htdocs\\test\\framework-4.3.6\\framework-4.3.6\\app\\Controllers\\Home.php', 42)
 2 SYSTEMPATH\CodeIgniter.php(932): App\Controllers\Home->editUser('assets', 'js', 'bootstrap.bundle.js')
 3 SYSTEMPATH\CodeIgniter.php(497): CodeIgniter\CodeIgniter->runController(Object(App\Controllers\Home))
 4 SYSTEMPATH\CodeIgniter.php(366): CodeIgniter\CodeIgniter->handleRequest(null, Object(Config\Cache), false)
 5 FCPATH\index.php(67): CodeIgniter\CodeIgniter->run()
 6 SYSTEMPATH\Commands\Server\rewrite.php(47): require_once('C:\\xampp\\htdocs\\test\\framework-4.3.6\\framework-4.3.6\\public\\index.php')
CRITICAL - 2023-06-22 16:48:40 --> Trying to access array offset on value of type null
in APPPATH\Controllers\Home.php on line 42.
 1 APPPATH\Controllers\Home.php(42): CodeIgniter\Debug\Exceptions->errorHandler(2, 'Trying to access array offset on value of type null', 'C:\\xampp\\htdocs\\test\\framework-4.3.6\\framework-4.3.6\\app\\Controllers\\Home.php', 42)
 2 SYSTEMPATH\CodeIgniter.php(932): App\Controllers\Home->editUser('assets', 'css', 'bootstrap.min.css')
 3 SYSTEMPATH\CodeIgniter.php(497): CodeIgniter\CodeIgniter->runController(Object(App\Controllers\Home))
 4 SYSTEMPATH\CodeIgniter.php(366): CodeIgniter\CodeIgniter->handleRequest(null, Object(Config\Cache), false)
 5 FCPATH\index.php(67): CodeIgniter\CodeIgniter->run()
 6 SYSTEMPATH\Commands\Server\rewrite.php(47): require_once('C:\\xampp\\htdocs\\test\\framework-4.3.6\\framework-4.3.6\\public\\index.php')
CRITICAL - 2023-06-22 16:48:41 --> Trying to access array offset on value of type null
in APPPATH\Controllers\Home.php on line 42.
 1 APPPATH\Controllers\Home.php(42): CodeIgniter\Debug\Exceptions->errorHandler(2, 'Trying to access array offset on value of type null', 'C:\\xampp\\htdocs\\test\\framework-4.3.6\\framework-4.3.6\\app\\Controllers\\Home.php', 42)
 2 SYSTEMPATH\CodeIgniter.php(932): App\Controllers\Home->editUser('assets', 'js', 'bootstrap.bundle.js')
 3 SYSTEMPATH\CodeIgniter.php(497): CodeIgniter\CodeIgniter->runController(Object(App\Controllers\Home))
 4 SYSTEMPATH\CodeIgniter.php(366): CodeIgniter\CodeIgniter->handleRequest(null, Object(Config\Cache), false)
 5 FCPATH\index.php(67): CodeIgniter\CodeIgniter->run()
 6 SYSTEMPATH\Commands\Server\rewrite.php(47): require_once('C:\\xampp\\htdocs\\test\\framework-4.3.6\\framework-4.3.6\\public\\index.php')
CRITICAL - 2023-06-22 16:52:23 --> Trying to access array offset on value of type null
in APPPATH\Controllers\Home.php on line 42.
 1 APPPATH\Controllers\Home.php(42): CodeIgniter\Debug\Exceptions->errorHandler(2, 'Trying to access array offset on value of type null', 'C:\\xampp\\htdocs\\test\\framework-4.3.6\\framework-4.3.6\\app\\Controllers\\Home.php', 42)
 2 SYSTEMPATH\CodeIgniter.php(932): App\Controllers\Home->editUser('assets', 'css', 'bootstrap.min.css')
 3 SYSTEMPATH\CodeIgniter.php(497): CodeIgniter\CodeIgniter->runController(Object(App\Controllers\Home))
 4 SYSTEMPATH\CodeIgniter.php(366): CodeIgniter\CodeIgniter->handleRequest(null, Object(Config\Cache), false)
 5 FCPATH\index.php(67): CodeIgniter\CodeIgniter->run()
 6 SYSTEMPATH\Commands\Server\rewrite.php(47): require_once('C:\\xampp\\htdocs\\test\\framework-4.3.6\\framework-4.3.6\\public\\index.php')
CRITICAL - 2023-06-22 16:52:23 --> Trying to access array offset on value of type null
in APPPATH\Controllers\Home.php on line 42.
 1 APPPATH\Controllers\Home.php(42): CodeIgniter\Debug\Exceptions->errorHandler(2, 'Trying to access array offset on value of type null', 'C:\\xampp\\htdocs\\test\\framework-4.3.6\\framework-4.3.6\\app\\Controllers\\Home.php', 42)
 2 SYSTEMPATH\CodeIgniter.php(932): App\Controllers\Home->editUser('assets', 'js', 'bootstrap.bundle.js')
 3 SYSTEMPATH\CodeIgniter.php(497): CodeIgniter\CodeIgniter->runController(Object(App\Controllers\Home))
 4 SYSTEMPATH\CodeIgniter.php(366): CodeIgniter\CodeIgniter->handleRequest(null, Object(Config\Cache), false)
 5 FCPATH\index.php(67): CodeIgniter\CodeIgniter->run()
 6 SYSTEMPATH\Commands\Server\rewrite.php(47): require_once('C:\\xampp\\htdocs\\test\\framework-4.3.6\\framework-4.3.6\\public\\index.php')
CRITICAL - 2023-06-22 16:52:42 --> Trying to access array offset on value of type null
in APPPATH\Controllers\Home.php on line 42.
 1 APPPATH\Controllers\Home.php(42): CodeIgniter\Debug\Exceptions->errorHandler(2, 'Trying to access array offset on value of type null', 'C:\\xampp\\htdocs\\test\\framework-4.3.6\\framework-4.3.6\\app\\Controllers\\Home.php', 42)
 2 SYSTEMPATH\CodeIgniter.php(932): App\Controllers\Home->editUser('assets', 'css', 'bootstrap.min.css')
 3 SYSTEMPATH\CodeIgniter.php(497): CodeIgniter\CodeIgniter->runController(Object(App\Controllers\Home))
 4 SYSTEMPATH\CodeIgniter.php(366): CodeIgniter\CodeIgniter->handleRequest(null, Object(Config\Cache), false)
 5 FCPATH\index.php(67): CodeIgniter\CodeIgniter->run()
 6 SYSTEMPATH\Commands\Server\rewrite.php(47): require_once('C:\\xampp\\htdocs\\test\\framework-4.3.6\\framework-4.3.6\\public\\index.php')
CRITICAL - 2023-06-22 16:52:43 --> Trying to access array offset on value of type null
in APPPATH\Controllers\Home.php on line 42.
 1 APPPATH\Controllers\Home.php(42): CodeIgniter\Debug\Exceptions->errorHandler(2, 'Trying to access array offset on value of type null', 'C:\\xampp\\htdocs\\test\\framework-4.3.6\\framework-4.3.6\\app\\Controllers\\Home.php', 42)
 2 SYSTEMPATH\CodeIgniter.php(932): App\Controllers\Home->editUser('assets', 'js', 'bootstrap.bundle.js')
 3 SYSTEMPATH\CodeIgniter.php(497): CodeIgniter\CodeIgniter->runController(Object(App\Controllers\Home))
 4 SYSTEMPATH\CodeIgniter.php(366): CodeIgniter\CodeIgniter->handleRequest(null, Object(Config\Cache), false)
 5 FCPATH\index.php(67): CodeIgniter\CodeIgniter->run()
 6 SYSTEMPATH\Commands\Server\rewrite.php(47): require_once('C:\\xampp\\htdocs\\test\\framework-4.3.6\\framework-4.3.6\\public\\index.php')
CRITICAL - 2023-06-22 16:52:44 --> Trying to access array offset on value of type null
in APPPATH\Controllers\Home.php on line 42.
 1 APPPATH\Controllers\Home.php(42): CodeIgniter\Debug\Exceptions->errorHandler(2, 'Trying to access array offset on value of type null', 'C:\\xampp\\htdocs\\test\\framework-4.3.6\\framework-4.3.6\\app\\Controllers\\Home.php', 42)
 2 SYSTEMPATH\CodeIgniter.php(932): App\Controllers\Home->editUser('assets', 'css', 'bootstrap.min.css')
 3 SYSTEMPATH\CodeIgniter.php(497): CodeIgniter\CodeIgniter->runController(Object(App\Controllers\Home))
 4 SYSTEMPATH\CodeIgniter.php(366): CodeIgniter\CodeIgniter->handleRequest(null, Object(Config\Cache), false)
 5 FCPATH\index.php(67): CodeIgniter\CodeIgniter->run()
 6 SYSTEMPATH\Commands\Server\rewrite.php(47): require_once('C:\\xampp\\htdocs\\test\\framework-4.3.6\\framework-4.3.6\\public\\index.php')
CRITICAL - 2023-06-22 16:52:45 --> Trying to access array offset on value of type null
in APPPATH\Controllers\Home.php on line 42.
 1 APPPATH\Controllers\Home.php(42): CodeIgniter\Debug\Exceptions->errorHandler(2, 'Trying to access array offset on value of type null', 'C:\\xampp\\htdocs\\test\\framework-4.3.6\\framework-4.3.6\\app\\Controllers\\Home.php', 42)
 2 SYSTEMPATH\CodeIgniter.php(932): App\Controllers\Home->editUser('assets', 'js', 'bootstrap.bundle.js')
 3 SYSTEMPATH\CodeIgniter.php(497): CodeIgniter\CodeIgniter->runController(Object(App\Controllers\Home))
 4 SYSTEMPATH\CodeIgniter.php(366): CodeIgniter\CodeIgniter->handleRequest(null, Object(Config\Cache), false)
 5 FCPATH\index.php(67): CodeIgniter\CodeIgniter->run()
 6 SYSTEMPATH\Commands\Server\rewrite.php(47): require_once('C:\\xampp\\htdocs\\test\\framework-4.3.6\\framework-4.3.6\\public\\index.php')
CRITICAL - 2023-06-22 16:52:53 --> Trying to access array offset on value of type null
in APPPATH\Controllers\Home.php on line 42.
 1 APPPATH\Controllers\Home.php(42): CodeIgniter\Debug\Exceptions->errorHandler(2, 'Trying to access array offset on value of type null', 'C:\\xampp\\htdocs\\test\\framework-4.3.6\\framework-4.3.6\\app\\Controllers\\Home.php', 42)
 2 SYSTEMPATH\CodeIgniter.php(932): App\Controllers\Home->editUser('assets', 'css', 'bootstrap.min.css')
 3 SYSTEMPATH\CodeIgniter.php(497): CodeIgniter\CodeIgniter->runController(Object(App\Controllers\Home))
 4 SYSTEMPATH\CodeIgniter.php(366): CodeIgniter\CodeIgniter->handleRequest(null, Object(Config\Cache), false)
 5 FCPATH\index.php(67): CodeIgniter\CodeIgniter->run()
 6 SYSTEMPATH\Commands\Server\rewrite.php(47): require_once('C:\\xampp\\htdocs\\test\\framework-4.3.6\\framework-4.3.6\\public\\index.php')
CRITICAL - 2023-06-22 16:52:53 --> Trying to access array offset on value of type null
in APPPATH\Controllers\Home.php on line 42.
 1 APPPATH\Controllers\Home.php(42): CodeIgniter\Debug\Exceptions->errorHandler(2, 'Trying to access array offset on value of type null', 'C:\\xampp\\htdocs\\test\\framework-4.3.6\\framework-4.3.6\\app\\Controllers\\Home.php', 42)
 2 SYSTEMPATH\CodeIgniter.php(932): App\Controllers\Home->editUser('assets', 'js', 'bootstrap.bundle.js')
 3 SYSTEMPATH\CodeIgniter.php(497): CodeIgniter\CodeIgniter->runController(Object(App\Controllers\Home))
 4 SYSTEMPATH\CodeIgniter.php(366): CodeIgniter\CodeIgniter->handleRequest(null, Object(Config\Cache), false)
 5 FCPATH\index.php(67): CodeIgniter\CodeIgniter->run()
 6 SYSTEMPATH\Commands\Server\rewrite.php(47): require_once('C:\\xampp\\htdocs\\test\\framework-4.3.6\\framework-4.3.6\\public\\index.php')
CRITICAL - 2023-06-22 16:53:22 --> Trying to access array offset on value of type null
in APPPATH\Controllers\Home.php on line 42.
 1 APPPATH\Controllers\Home.php(42): CodeIgniter\Debug\Exceptions->errorHandler(2, 'Trying to access array offset on value of type null', 'C:\\xampp\\htdocs\\test\\framework-4.3.6\\framework-4.3.6\\app\\Controllers\\Home.php', 42)
 2 SYSTEMPATH\CodeIgniter.php(932): App\Controllers\Home->editUser('assets', 'css', 'bootstrap.min.css')
 3 SYSTEMPATH\CodeIgniter.php(497): CodeIgniter\CodeIgniter->runController(Object(App\Controllers\Home))
 4 SYSTEMPATH\CodeIgniter.php(366): CodeIgniter\CodeIgniter->handleRequest(null, Object(Config\Cache), false)
 5 FCPATH\index.php(67): CodeIgniter\CodeIgniter->run()
 6 SYSTEMPATH\Commands\Server\rewrite.php(47): require_once('C:\\xampp\\htdocs\\test\\framework-4.3.6\\framework-4.3.6\\public\\index.php')
CRITICAL - 2023-06-22 16:53:22 --> Trying to access array offset on value of type null
in APPPATH\Controllers\Home.php on line 42.
 1 APPPATH\Controllers\Home.php(42): CodeIgniter\Debug\Exceptions->errorHandler(2, 'Trying to access array offset on value of type null', 'C:\\xampp\\htdocs\\test\\framework-4.3.6\\framework-4.3.6\\app\\Controllers\\Home.php', 42)
 2 SYSTEMPATH\CodeIgniter.php(932): App\Controllers\Home->editUser('assets', 'js', 'bootstrap.bundle.js')
 3 SYSTEMPATH\CodeIgniter.php(497): CodeIgniter\CodeIgniter->runController(Object(App\Controllers\Home))
 4 SYSTEMPATH\CodeIgniter.php(366): CodeIgniter\CodeIgniter->handleRequest(null, Object(Config\Cache), false)
 5 FCPATH\index.php(67): CodeIgniter\CodeIgniter->run()
 6 SYSTEMPATH\Commands\Server\rewrite.php(47): require_once('C:\\xampp\\htdocs\\test\\framework-4.3.6\\framework-4.3.6\\public\\index.php')
CRITICAL - 2023-06-22 16:53:28 --> Trying to access array offset on value of type null
in APPPATH\Controllers\Home.php on line 42.
 1 APPPATH\Controllers\Home.php(42): CodeIgniter\Debug\Exceptions->errorHandler(2, 'Trying to access array offset on value of type null', 'C:\\xampp\\htdocs\\test\\framework-4.3.6\\framework-4.3.6\\app\\Controllers\\Home.php', 42)
 2 SYSTEMPATH\CodeIgniter.php(932): App\Controllers\Home->editUser('assets', 'css', 'bootstrap.min.css')
 3 SYSTEMPATH\CodeIgniter.php(497): CodeIgniter\CodeIgniter->runController(Object(App\Controllers\Home))
 4 SYSTEMPATH\CodeIgniter.php(366): CodeIgniter\CodeIgniter->handleRequest(null, Object(Config\Cache), false)
 5 FCPATH\index.php(67): CodeIgniter\CodeIgniter->run()
 6 SYSTEMPATH\Commands\Server\rewrite.php(47): require_once('C:\\xampp\\htdocs\\test\\framework-4.3.6\\framework-4.3.6\\public\\index.php')
CRITICAL - 2023-06-22 16:53:28 --> Trying to access array offset on value of type null
in APPPATH\Controllers\Home.php on line 42.
 1 APPPATH\Controllers\Home.php(42): CodeIgniter\Debug\Exceptions->errorHandler(2, 'Trying to access array offset on value of type null', 'C:\\xampp\\htdocs\\test\\framework-4.3.6\\framework-4.3.6\\app\\Controllers\\Home.php', 42)
 2 SYSTEMPATH\CodeIgniter.php(932): App\Controllers\Home->editUser('assets', 'js', 'bootstrap.bundle.js')
 3 SYSTEMPATH\CodeIgniter.php(497): CodeIgniter\CodeIgniter->runController(Object(App\Controllers\Home))
 4 SYSTEMPATH\CodeIgniter.php(366): CodeIgniter\CodeIgniter->handleRequest(null, Object(Config\Cache), false)
 5 FCPATH\index.php(67): CodeIgniter\CodeIgniter->run()
 6 SYSTEMPATH\Commands\Server\rewrite.php(47): require_once('C:\\xampp\\htdocs\\test\\framework-4.3.6\\framework-4.3.6\\public\\index.php')
CRITICAL - 2023-06-22 16:53:34 --> Trying to access array offset on value of type null
in APPPATH\Controllers\Home.php on line 42.
 1 APPPATH\Controllers\Home.php(42): CodeIgniter\Debug\Exceptions->errorHandler(2, 'Trying to access array offset on value of type null', 'C:\\xampp\\htdocs\\test\\framework-4.3.6\\framework-4.3.6\\app\\Controllers\\Home.php', 42)
 2 SYSTEMPATH\CodeIgniter.php(932): App\Controllers\Home->editUser('assets', 'css', 'bootstrap.min.css')
 3 SYSTEMPATH\CodeIgniter.php(497): CodeIgniter\CodeIgniter->runController(Object(App\Controllers\Home))
 4 SYSTEMPATH\CodeIgniter.php(366): CodeIgniter\CodeIgniter->handleRequest(null, Object(Config\Cache), false)
 5 FCPATH\index.php(67): CodeIgniter\CodeIgniter->run()
 6 SYSTEMPATH\Commands\Server\rewrite.php(47): require_once('C:\\xampp\\htdocs\\test\\framework-4.3.6\\framework-4.3.6\\public\\index.php')
CRITICAL - 2023-06-22 16:53:34 --> Trying to access array offset on value of type null
in APPPATH\Controllers\Home.php on line 42.
 1 APPPATH\Controllers\Home.php(42): CodeIgniter\Debug\Exceptions->errorHandler(2, 'Trying to access array offset on value of type null', 'C:\\xampp\\htdocs\\test\\framework-4.3.6\\framework-4.3.6\\app\\Controllers\\Home.php', 42)
 2 SYSTEMPATH\CodeIgniter.php(932): App\Controllers\Home->editUser('assets', 'js', 'bootstrap.bundle.js')
 3 SYSTEMPATH\CodeIgniter.php(497): CodeIgniter\CodeIgniter->runController(Object(App\Controllers\Home))
 4 SYSTEMPATH\CodeIgniter.php(366): CodeIgniter\CodeIgniter->handleRequest(null, Object(Config\Cache), false)
 5 FCPATH\index.php(67): CodeIgniter\CodeIgniter->run()
 6 SYSTEMPATH\Commands\Server\rewrite.php(47): require_once('C:\\xampp\\htdocs\\test\\framework-4.3.6\\framework-4.3.6\\public\\index.php')
CRITICAL - 2023-06-22 16:53:47 --> Trying to access array offset on value of type null
in APPPATH\Controllers\Home.php on line 42.
 1 APPPATH\Controllers\Home.php(42): CodeIgniter\Debug\Exceptions->errorHandler(2, 'Trying to access array offset on value of type null', 'C:\\xampp\\htdocs\\test\\framework-4.3.6\\framework-4.3.6\\app\\Controllers\\Home.php', 42)
 2 SYSTEMPATH\CodeIgniter.php(932): App\Controllers\Home->editUser('assets', 'css', 'bootstrap.min.css')
 3 SYSTEMPATH\CodeIgniter.php(497): CodeIgniter\CodeIgniter->runController(Object(App\Controllers\Home))
 4 SYSTEMPATH\CodeIgniter.php(366): CodeIgniter\CodeIgniter->handleRequest(null, Object(Config\Cache), false)
 5 FCPATH\index.php(67): CodeIgniter\CodeIgniter->run()
 6 SYSTEMPATH\Commands\Server\rewrite.php(47): require_once('C:\\xampp\\htdocs\\test\\framework-4.3.6\\framework-4.3.6\\public\\index.php')
CRITICAL - 2023-06-22 16:53:47 --> Trying to access array offset on value of type null
in APPPATH\Controllers\Home.php on line 42.
 1 APPPATH\Controllers\Home.php(42): CodeIgniter\Debug\Exceptions->errorHandler(2, 'Trying to access array offset on value of type null', 'C:\\xampp\\htdocs\\test\\framework-4.3.6\\framework-4.3.6\\app\\Controllers\\Home.php', 42)
 2 SYSTEMPATH\CodeIgniter.php(932): App\Controllers\Home->editUser('assets', 'js', 'bootstrap.bundle.js')
 3 SYSTEMPATH\CodeIgniter.php(497): CodeIgniter\CodeIgniter->runController(Object(App\Controllers\Home))
 4 SYSTEMPATH\CodeIgniter.php(366): CodeIgniter\CodeIgniter->handleRequest(null, Object(Config\Cache), false)
 5 FCPATH\index.php(67): CodeIgniter\CodeIgniter->run()
 6 SYSTEMPATH\Commands\Server\rewrite.php(47): require_once('C:\\xampp\\htdocs\\test\\framework-4.3.6\\framework-4.3.6\\public\\index.php')
CRITICAL - 2023-06-22 21:55:52 --> Call to a member function findAll() on null
in APPPATH\Controllers\Home.php on line 24.
 1 SYSTEMPATH\CodeIgniter.php(932): App\Controllers\Home->index()
 2 SYSTEMPATH\CodeIgniter.php(497): CodeIgniter\CodeIgniter->runController(Object(App\Controllers\Home))
 3 SYSTEMPATH\CodeIgniter.php(366): CodeIgniter\CodeIgniter->handleRequest(null, Object(Config\Cache), false)
 4 FCPATH\index.php(67): CodeIgniter\CodeIgniter->run()
 5 SYSTEMPATH\Commands\Server\rewrite.php(47): require_once('C:\\xampp\\htdocs\\test\\framework-4.3.6\\framework-4.3.6\\public\\index.php')
CRITICAL - 2023-06-22 21:58:23 --> Call to a member function findAll() on null
in APPPATH\Controllers\Home.php on line 24.
 1 SYSTEMPATH\CodeIgniter.php(932): App\Controllers\Home->index()
 2 SYSTEMPATH\CodeIgniter.php(497): CodeIgniter\CodeIgniter->runController(Object(App\Controllers\Home))
 3 SYSTEMPATH\CodeIgniter.php(366): CodeIgniter\CodeIgniter->handleRequest(null, Object(Config\Cache), false)
 4 FCPATH\index.php(67): CodeIgniter\CodeIgniter->run()
 5 SYSTEMPATH\Commands\Server\rewrite.php(47): require_once('C:\\xampp\\htdocs\\test\\framework-4.3.6\\framework-4.3.6\\public\\index.php')
CRITICAL - 2023-06-22 21:59:22 --> Call to a member function findAll() on null
in APPPATH\Controllers\Home.php on line 24.
 1 SYSTEMPATH\CodeIgniter.php(932): App\Controllers\Home->index()
 2 SYSTEMPATH\CodeIgniter.php(497): CodeIgniter\CodeIgniter->runController(Object(App\Controllers\Home))
 3 SYSTEMPATH\CodeIgniter.php(366): CodeIgniter\CodeIgniter->handleRequest(null, Object(Config\Cache), false)
 4 FCPATH\index.php(67): CodeIgniter\CodeIgniter->run()
 5 SYSTEMPATH\Commands\Server\rewrite.php(47): require_once('C:\\xampp\\htdocs\\test\\framework-4.3.6\\framework-4.3.6\\public\\index.php')
CRITICAL - 2023-06-22 21:59:23 --> Call to a member function findAll() on null
in APPPATH\Controllers\Home.php on line 24.
 1 SYSTEMPATH\CodeIgniter.php(932): App\Controllers\Home->index()
 2 SYSTEMPATH\CodeIgniter.php(497): CodeIgniter\CodeIgniter->runController(Object(App\Controllers\Home))
 3 SYSTEMPATH\CodeIgniter.php(366): CodeIgniter\CodeIgniter->handleRequest(null, Object(Config\Cache), false)
 4 FCPATH\index.php(67): CodeIgniter\CodeIgniter->run()
 5 SYSTEMPATH\Commands\Server\rewrite.php(47): require_once('C:\\xampp\\htdocs\\test\\framework-4.3.6\\framework-4.3.6\\public\\index.php')
CRITICAL - 2023-06-22 21:59:29 --> Call to a member function findAll() on null
in APPPATH\Controllers\Home.php on line 24.
 1 SYSTEMPATH\CodeIgniter.php(932): App\Controllers\Home->index()
 2 SYSTEMPATH\CodeIgniter.php(497): CodeIgniter\CodeIgniter->runController(Object(App\Controllers\Home))
 3 SYSTEMPATH\CodeIgniter.php(366): CodeIgniter\CodeIgniter->handleRequest(null, Object(Config\Cache), false)
 4 FCPATH\index.php(67): CodeIgniter\CodeIgniter->run()
 5 SYSTEMPATH\Commands\Server\rewrite.php(47): require_once('C:\\xampp\\htdocs\\test\\framework-4.3.6\\framework-4.3.6\\public\\index.php')
CRITICAL - 2023-06-22 22:00:25 --> Call to a member function findAll() on null
in APPPATH\Controllers\Home.php on line 24.
 1 SYSTEMPATH\CodeIgniter.php(932): App\Controllers\Home->index()
 2 SYSTEMPATH\CodeIgniter.php(497): CodeIgniter\CodeIgniter->runController(Object(App\Controllers\Home))
 3 SYSTEMPATH\CodeIgniter.php(366): CodeIgniter\CodeIgniter->handleRequest(null, Object(Config\Cache), false)
 4 FCPATH\index.php(67): CodeIgniter\CodeIgniter->run()
 5 SYSTEMPATH\Commands\Server\rewrite.php(47): require_once('C:\\xampp\\htdocs\\test\\framework-4.3.6\\framework-4.3.6\\public\\index.php')
CRITICAL - 2023-06-22 22:01:10 --> Call to a member function findAll() on null
in APPPATH\Controllers\Home.php on line 24.
 1 SYSTEMPATH\CodeIgniter.php(932): App\Controllers\Home->index()
 2 SYSTEMPATH\CodeIgniter.php(497): CodeIgniter\CodeIgniter->runController(Object(App\Controllers\Home))
 3 SYSTEMPATH\CodeIgniter.php(366): CodeIgniter\CodeIgniter->handleRequest(null, Object(Config\Cache), false)
 4 FCPATH\index.php(67): CodeIgniter\CodeIgniter->run()
 5 SYSTEMPATH\Commands\Server\rewrite.php(47): require_once('C:\\xampp\\htdocs\\test\\framework-4.3.6\\framework-4.3.6\\public\\index.php')
CRITICAL - 2023-06-22 22:01:12 --> Call to a member function findAll() on null
in APPPATH\Controllers\Home.php on line 24.
 1 SYSTEMPATH\CodeIgniter.php(932): App\Controllers\Home->index()
 2 SYSTEMPATH\CodeIgniter.php(497): CodeIgniter\CodeIgniter->runController(Object(App\Controllers\Home))
 3 SYSTEMPATH\CodeIgniter.php(366): CodeIgniter\CodeIgniter->handleRequest(null, Object(Config\Cache), false)
 4 FCPATH\index.php(67): CodeIgniter\CodeIgniter->run()
 5 SYSTEMPATH\Commands\Server\rewrite.php(47): require_once('C:\\xampp\\htdocs\\test\\framework-4.3.6\\framework-4.3.6\\public\\index.php')
CRITICAL - 2023-06-22 22:02:05 --> Call to undefined method CodeIgniter\View\View::sendSection()
in APPPATH\Views\homeView.php on line 47.
 1 SYSTEMPATH\View\View.php(224): include()
 2 SYSTEMPATH\View\View.php(227): CodeIgniter\View\View->CodeIgniter\View\{closure}()
 3 SYSTEMPATH\Common.php(1180): CodeIgniter\View\View->render('homeView', [], true)
 4 APPPATH\Controllers\Home.php(31): view('homeView', [...])
 5 SYSTEMPATH\CodeIgniter.php(932): App\Controllers\Home->index()
 6 SYSTEMPATH\CodeIgniter.php(497): CodeIgniter\CodeIgniter->runController(Object(App\Controllers\Home))
 7 SYSTEMPATH\CodeIgniter.php(366): CodeIgniter\CodeIgniter->handleRequest(null, Object(Config\Cache), false)
 8 FCPATH\index.php(67): CodeIgniter\CodeIgniter->run()
 9 SYSTEMPATH\Commands\Server\rewrite.php(47): require_once('C:\\xampp\\htdocs\\test\\framework-4.3.6\\framework-4.3.6\\public\\index.php')
